<?xml version="1.0" encoding="UTF-8"?>
<!-- Generated by org.testng.reporters.JUnitReportReporter -->
<testsuite hostname="DESKTOP-2JAO2Q5" name="com.training.sanity.tests.UFMLoginExcelTest" tests="2" failures="0" timestamp="19 May 2020 00:51:00 GMT" time="40.040" errors="0">
  <testcase name="loginDBTest" time="20.335" classname="com.training.sanity.tests.UFMLoginExcelTest"/>
  <testcase name="loginDBTest" time="19.705" classname="com.training.sanity.tests.UFMLoginExcelTest"/>
</testsuite> <!-- com.training.sanity.tests.UFMLoginExcelTest -->
