<?xml version="1.0" encoding="UTF-8"?>
<!-- Generated by org.testng.reporters.JUnitReportReporter -->
<testsuite hostname="DESKTOP-2JAO2Q5" name="com.training.sanity.tests.UNF_063UniformAdminAddProd" tests="2" failures="0" timestamp="26 May 2020 02:58:27 GMT" time="8.042" errors="0">
  <testcase name="adminAddProd" time="5.909" classname="com.training.sanity.tests.UNF_063UniformAdminAddProd"/>
  <testcase name="adminLogin" time="2.133" classname="com.training.sanity.tests.UNF_063UniformAdminAddProd"/>
</testsuite> <!-- com.training.sanity.tests.UNF_063UniformAdminAddProd -->
