<?xml version="1.0" encoding="UTF-8"?>
<!-- Generated by org.testng.reporters.JUnitReportReporter -->
<testsuite hostname="DESKTOP-2JAO2Q5" name="com.training.sanity.tests.UNF_031ValidateLogin" tests="1" failures="0" timestamp="18 May 2020 06:41:03 GMT" time="19.439" errors="0">
  <testcase name="myAccounLoginValidate" time="19.439" classname="com.training.sanity.tests.UNF_031ValidateLogin"/>
</testsuite> <!-- com.training.sanity.tests.UNF_031ValidateLogin -->
