<?xml version="1.0" encoding="UTF-8"?>
<!-- Generated by org.testng.reporters.JUnitReportReporter -->
<testsuite hostname="DESKTOP-2JAO2Q5" name="com.training.sanity.tests.UNF_061UniformRegistration" tests="4" failures="0" timestamp="20 May 2020 06:24:51 GMT" time="73.678" errors="0">
  <testcase name="myAccounRegistration" time="17.969" classname="com.training.sanity.tests.UNF_061UniformRegistration"/>
  <testcase name="myAccounRegistration" time="17.686" classname="com.training.sanity.tests.UNF_061UniformRegistration"/>
  <testcase name="myAccounRegistration" time="19.557" classname="com.training.sanity.tests.UNF_061UniformRegistration"/>
  <testcase name="myAccounRegistration" time="18.466" classname="com.training.sanity.tests.UNF_061UniformRegistration"/>
</testsuite> <!-- com.training.sanity.tests.UNF_061UniformRegistration -->
