<?xml version="1.0" encoding="UTF-8"?>
<!-- Generated by org.testng.reporters.JUnitReportReporter -->
<testsuite hostname="DESKTOP-2JAO2Q5" name="com.training.regression.tests.LoginExcelTest" tests="2" failures="0" timestamp="19 May 2020 00:45:21 GMT" time="36.162" errors="0">
  <testcase name="loginDBTest" time="17.311" classname="com.training.regression.tests.LoginExcelTest"/>
  <testcase name="loginDBTest" time="18.851" classname="com.training.regression.tests.LoginExcelTest"/>
</testsuite> <!-- com.training.regression.tests.LoginExcelTest -->
