<?xml version="1.0" encoding="UTF-8"?>
<!-- Generated by org.testng.reporters.JUnitReportReporter -->
<testsuite hostname="DESKTOP-2JAO2Q5" name="com.training.sanity.tests.UNF_062UniformRegistrationInvalid" tests="4" failures="0" timestamp="23 May 2020 16:33:05 GMT" time="102.877" errors="0">
  <testcase name="myAccounRegistration" time="21.128" classname="com.training.sanity.tests.UNF_062UniformRegistrationInvalid"/>
  <testcase name="myAccounRegistration" time="27.627" classname="com.training.sanity.tests.UNF_062UniformRegistrationInvalid"/>
  <testcase name="myAccounRegistration" time="25.526" classname="com.training.sanity.tests.UNF_062UniformRegistrationInvalid"/>
  <testcase name="myAccounRegistration" time="28.596" classname="com.training.sanity.tests.UNF_062UniformRegistrationInvalid"/>
</testsuite> <!-- com.training.sanity.tests.UNF_062UniformRegistrationInvalid -->
